<?xml version="1.0" encoding="UTF-8"?>
<!-- Generated by org.testng.reporters.JUnitXMLReporter -->
<testsuite ignored="2" hostname="DESKTOP-R6E3P6M" failures="1" tests="3" name="Test" time="32.615" errors="0" timestamp="2025-06-30T15:01:52 IST">
  <testcase classname="InventoryTests.AddToCart" name="sample" time="0.127">
    <failure type="java.lang.AssertionError" message="null">
      <![CDATA[java.lang.AssertionError: null
at InventoryTests.AddToCart.sample(AddToCart.java:90)
at java.base/java.util.ArrayList.forEach(ArrayList.java:1596)
... Removed 27 stack frames]]>
    </failure>
  </testcase> <!-- sample -->
  <testcase classname="InventoryTests.AddToCart" name="tc_001_AddProductToCartTest" time="2.711"/>
  <testcase classname="InventoryTests.AddLowestPriceProductToCart" name="tc_002_AddLowestPriceProductToCartTest" time="1.545"/>
  <testcase classname="genericUtilities.BaseClass" name="@AfterSuite asconfig" time="0.0">
    <ignored/>
  </testcase> <!-- @AfterSuite asconfig -->
  <testcase classname="genericUtilities.BaseClass" name="@BeforeSuite bsconfig" time="0.0">
    <ignored/>
  </testcase> <!-- @BeforeSuite bsconfig -->
</testsuite> <!-- Test -->
